<?xml version="1.0" encoding="UTF-8"?>
<testng-results ignored="0" total="1" passed="1" failed="0" skipped="0">
  <reporter-output>
  </reporter-output>
  <suite started-at="2024-01-17T17:19:54 IST" name="Default suite" finished-at="2024-01-17T17:20:17 IST" duration-ms="22914">
    <groups>
    </groups>
    <test started-at="2024-01-17T17:19:54 IST" name="Default test" finished-at="2024-01-17T17:20:17 IST" duration-ms="22914">
      <class name="gridDemo.GridConfigTOML">
        <test-method signature="griddemo()[pri:0, instance:gridDemo.GridConfigTOML@2af004b]" started-at="2024-01-17T17:19:54 IST" name="griddemo" finished-at="2024-01-17T17:20:17 IST" duration-ms="22739" status="PASS">
          <reporter-output>
          </reporter-output>
        </test-method> <!-- griddemo -->
      </class> <!-- gridDemo.GridConfigTOML -->
    </test> <!-- Default test -->
  </suite> <!-- Default suite -->
</testng-results>
