<?xml version="1.0" encoding="UTF-8"?>
<!-- Generated by org.testng.reporters.JUnitXMLReporter -->
<testsuite ignored="0" hostname="DESKTOP-R4LTDL4" failures="1" tests="3" name="ExtentReport-1" time="17.222" errors="0" timestamp="2024-01-17T14:14:07 IST">
  <testcase classname="extentReports.TestClass" name="method1" time="2.67">
    <failure type="java.lang.AssertionError" message="expected [amazon] but found [The Selenium Browser Automation Project | Selenium]">
      <![CDATA[java.lang.AssertionError: expected [amazon] but found [The Selenium Browser Automation Project | Selenium]
at extentReports.TestClass.method1(TestClass.java:17)
at java.base/java.util.ArrayList.forEach(ArrayList.java:1596)
... Removed 31 stack frames]]>
    </failure>
  </testcase> <!-- method1 -->
  <testcase classname="extentReports.TestClass" name="method2" time="0.684"/>
  <testcase classname="extentReports.TestClass" name="method3" time="0.519"/>
</testsuite> <!-- ExtentReport-1 -->
