<?xml version="1.0" encoding="UTF-8"?>
<!-- Generated by org.testng.reporters.JUnitXMLReporter -->
<testsuite ignored="2" hostname="DESKTOP-R4LTDL4" failures="0" tests="5" name="Functional testing" time="62.362" errors="0" timestamp="2024-01-17T13:46:18 IST">
  <testcase classname="testNGAnnotations.TestMethodsdemo" name="method1" time="11.044"/>
  <testcase classname="testNGAnnotations.TestMethodsdemo" name="method4" time="11.64"/>
  <testcase classname="testNGAnnotations.TestMethodsdemo" name="method5" time="12.475"/>
  <testcase classname="testNGAnnotations.TestMethodsdemo" name="method6" time="12.398"/>
  <testcase classname="testNGAnnotations.TestMethodsdemo" name="method7" time="14.77"/>
  <testcase classname="testNGAnnotations.TestMethodsdemo" name="method2" time="0.0">
    <ignored/>
  </testcase> <!-- method2 -->
  <testcase classname="testNGAnnotations.TestMethodsdemo" name="method3" time="0.0">
    <ignored/>
  </testcase> <!-- method3 -->
</testsuite> <!-- Functional testing -->
