<?xml version="1.0" encoding="UTF-8"?>
<!-- Generated by org.testng.reporters.JUnitXMLReporter -->
<testsuite ignored="5" hostname="DESKTOP-R4LTDL4" failures="0" tests="2" name="Sanity Testing" time="28.425" errors="0" timestamp="2024-01-17T13:51:17 IST">
  <testcase classname="testNGAnnotations.TestMethodsdemo" name="method2" time="15.167"/>
  <testcase classname="testNGAnnotations.TestMethodsdemo" name="method3" time="13.131"/>
  <testcase classname="testNGAnnotations.TestMethodsdemo" name="method7" time="0.0">
    <ignored/>
  </testcase> <!-- method7 -->
  <testcase classname="testNGAnnotations.TestMethodsdemo" name="method4" time="0.0">
    <ignored/>
  </testcase> <!-- method4 -->
  <testcase classname="testNGAnnotations.TestMethodsdemo" name="method1" time="0.0">
    <ignored/>
  </testcase> <!-- method1 -->
  <testcase classname="testNGAnnotations.TestMethodsdemo" name="method5" time="0.0">
    <ignored/>
  </testcase> <!-- method5 -->
  <testcase classname="testNGAnnotations.TestMethodsdemo" name="method6" time="0.0">
    <ignored/>
  </testcase> <!-- method6 -->
</testsuite> <!-- Sanity Testing -->
